<?xml version="1.0" encoding="UTF-8"?>
<!-- Generated by org.testng.reporters.JUnitXMLReporter -->
<testsuite ignored="1" hostname="DESKTOP-0FRPLG4" failures="0" tests="7" name="Default test" time="72.492" errors="0" timestamp="2021-04-04T19:43:00 IST">
  <testcase classname="com.ARSHAD.phptravels.TestScript.TC001_LoginPanel" name="validatetitle" time="0.028"/>
  <testcase classname="com.ARSHAD.phptravels.TestScript.TC001_LoginPanel" name="validate_login_exceldata" time="9.462"/>
  <testcase classname="com.ARSHAD.phptravels.TestScript.TC001_LoginPanel" name="validate_login_exceldata" time="5.387"/>
  <testcase classname="com.ARSHAD.phptravels.TestScript.TC001_LoginPanel" name="validate_login_exceldata" time="4.619"/>
  <testcase classname="com.ARSHAD.phptravels.TestScript.TC001_LoginPanel" name="validate_login_exceldata" time="4.337"/>
  <testcase classname="com.ARSHAD.phptravels.TestScript.TC001_LoginPanel" name="validate_login_exceldata" time="6.045"/>
  <testcase classname="com.ARSHAD.phptravels.TestScript.TC001_LoginPanel" name="validate_login_exceldata" time="4.859"/>
  <testcase classname="com.ARSHAD.phptravels.TestScript.TC001_LoginPanel" name="validatate_login" time="0.0">
    <ignored/>
  </testcase> <!-- validatate_login -->
</testsuite> <!-- Default test -->
