<?xml version="1.0" encoding="UTF-8"?>
<!-- Generated by org.testng.reporters.JUnitXMLReporter -->
<testsuite ignored="1" hostname="DESKTOP-0FRPLG4" failures="0" tests="7" name="Test" time="46.408" errors="0" timestamp="2021-04-04T19:48:55 IST">
  <testcase classname="com.ARSHAD.phptravels.TestScript.TC001_LoginPanel" name="validatetitle" time="0.023"/>
  <testcase classname="com.ARSHAD.phptravels.TestScript.TC001_LoginPanel" name="validate_login_exceldata" time="7.945"/>
  <testcase classname="com.ARSHAD.phptravels.TestScript.TC001_LoginPanel" name="validate_login_exceldata" time="6.245"/>
  <testcase classname="com.ARSHAD.phptravels.TestScript.TC001_LoginPanel" name="validate_login_exceldata" time="5.196"/>
  <testcase classname="com.ARSHAD.phptravels.TestScript.TC001_LoginPanel" name="validate_login_exceldata" time="6.667"/>
  <testcase classname="com.ARSHAD.phptravels.TestScript.TC001_LoginPanel" name="validate_login_exceldata" time="5.115"/>
  <testcase classname="com.ARSHAD.phptravels.TestScript.TC001_LoginPanel" name="validate_login_exceldata" time="4.903"/>
  <testcase classname="com.ARSHAD.phptravels.TestScript.TC001_LoginPanel" name="validatate_login" time="0.0">
    <ignored/>
  </testcase> <!-- validatate_login -->
</testsuite> <!-- Test -->
