<?xml version="1.0" encoding="UTF-8"?>
<!-- Generated by org.testng.reporters.JUnitXMLReporter -->
<testsuite ignored="1" hostname="DESKTOP-0FRPLG4" failures="0" tests="7" name="Test" time="41.403" errors="0" timestamp="2021-04-04T22:39:16 IST">
  <testcase classname="com.ARSHAD.phptravels.TestScript.TC001_LoginPanel" name="validatetitle" time="0.046"/>
  <testcase classname="com.ARSHAD.phptravels.TestScript.TC001_LoginPanel" name="validate_login_exceldata" time="6.573"/>
  <testcase classname="com.ARSHAD.phptravels.TestScript.TC001_LoginPanel" name="validate_login_exceldata" time="5.795"/>
  <testcase classname="com.ARSHAD.phptravels.TestScript.TC001_LoginPanel" name="validate_login_exceldata" time="3.882"/>
  <testcase classname="com.ARSHAD.phptravels.TestScript.TC001_LoginPanel" name="validate_login_exceldata" time="5.233"/>
  <testcase classname="com.ARSHAD.phptravels.TestScript.TC001_LoginPanel" name="validate_login_exceldata" time="5.022"/>
  <testcase classname="com.ARSHAD.phptravels.TestScript.TC001_LoginPanel" name="validate_login_exceldata" time="4.795"/>
  <testcase classname="com.ARSHAD.phptravels.TestScript.TC001_LoginPanel" name="validatate_login" time="0.0">
    <ignored/>
  </testcase> <!-- validatate_login -->
</testsuite> <!-- Test -->
