<?xml version="1.0" encoding="UTF-8"?>
<testng-results ignored="1" total="8" passed="7" failed="0" skipped="0">
  <reporter-output>
  </reporter-output>
  <suite started-at="2021-04-04T19:48:09 IST" name="Suite" finished-at="2021-04-04T19:48:55 IST" duration-ms="46408">
    <groups>
    </groups>
    <test started-at="2021-04-04T19:48:09 IST" name="Test" finished-at="2021-04-04T19:48:55 IST" duration-ms="46408">
      <class name="com.ARSHAD.phptravels.TestScript.TC001_LoginPanel">
        <test-method is-config="true" signature="setup()[pri:0, instance:com.ARSHAD.phptravels.TestScript.TC001_LoginPanel@481a996b]" started-at="2021-04-04T19:48:09 IST" name="setup" finished-at="2021-04-04T19:48:18 IST" duration-ms="9152" status="PASS">
          <reporter-output>
          </reporter-output>
        </test-method> <!-- setup -->
        <test-method signature="validatetitle()[pri:1, instance:com.ARSHAD.phptravels.TestScript.TC001_LoginPanel@481a996b]" started-at="2021-04-04T19:48:18 IST" name="validatetitle" finished-at="2021-04-04T19:48:18 IST" duration-ms="23" status="PASS">
          <reporter-output>
          </reporter-output>
        </test-method> <!-- validatetitle -->
        <test-method signature="validate_login_exceldata(java.lang.String, java.lang.String)[pri:3, instance:com.ARSHAD.phptravels.TestScript.TC001_LoginPanel@481a996b]" started-at="2021-04-04T19:48:19 IST" name="validate_login_exceldata" data-provider="s1" finished-at="2021-04-04T19:48:27 IST" duration-ms="7945" status="PASS">
          <params>
            <param index="0">
              <value>
                <![CDATA[supplier@phptravels.com]]>
              </value>
            </param>
            <param index="1">
              <value>
                <![CDATA[demosupplier]]>
              </value>
            </param>
          </params>
          <reporter-output>
          </reporter-output>
        </test-method> <!-- validate_login_exceldata -->
        <test-method signature="validate_login_exceldata(java.lang.String, java.lang.String)[pri:3, instance:com.ARSHAD.phptravels.TestScript.TC001_LoginPanel@481a996b]" started-at="2021-04-04T19:48:27 IST" name="validate_login_exceldata" data-provider="s1" finished-at="2021-04-04T19:48:34 IST" duration-ms="6245" status="PASS">
          <params>
            <param index="0">
              <value>
                <![CDATA[supplier@phptravels.com]]>
              </value>
            </param>
            <param index="1">
              <value>
                <![CDATA[demosupplier]]>
              </value>
            </param>
          </params>
          <reporter-output>
          </reporter-output>
        </test-method> <!-- validate_login_exceldata -->
        <test-method signature="validate_login_exceldata(java.lang.String, java.lang.String)[pri:3, instance:com.ARSHAD.phptravels.TestScript.TC001_LoginPanel@481a996b]" started-at="2021-04-04T19:48:34 IST" name="validate_login_exceldata" data-provider="s1" finished-at="2021-04-04T19:48:39 IST" duration-ms="5196" status="PASS">
          <params>
            <param index="0">
              <value>
                <![CDATA[supplier@phptravels.com]]>
              </value>
            </param>
            <param index="1">
              <value>
                <![CDATA[demosupplier]]>
              </value>
            </param>
          </params>
          <reporter-output>
          </reporter-output>
        </test-method> <!-- validate_login_exceldata -->
        <test-method signature="validate_login_exceldata(java.lang.String, java.lang.String)[pri:3, instance:com.ARSHAD.phptravels.TestScript.TC001_LoginPanel@481a996b]" started-at="2021-04-04T19:48:39 IST" name="validate_login_exceldata" data-provider="s1" finished-at="2021-04-04T19:48:45 IST" duration-ms="6667" status="PASS">
          <params>
            <param index="0">
              <value>
                <![CDATA[supplier@phptravels.com]]>
              </value>
            </param>
            <param index="1">
              <value>
                <![CDATA[demosupplier]]>
              </value>
            </param>
          </params>
          <reporter-output>
          </reporter-output>
        </test-method> <!-- validate_login_exceldata -->
        <test-method signature="validate_login_exceldata(java.lang.String, java.lang.String)[pri:3, instance:com.ARSHAD.phptravels.TestScript.TC001_LoginPanel@481a996b]" started-at="2021-04-04T19:48:45 IST" name="validate_login_exceldata" data-provider="s1" finished-at="2021-04-04T19:48:50 IST" duration-ms="5115" status="PASS">
          <params>
            <param index="0">
              <value>
                <![CDATA[supplier@phptravels.com]]>
              </value>
            </param>
            <param index="1">
              <value>
                <![CDATA[demosupplier]]>
              </value>
            </param>
          </params>
          <reporter-output>
          </reporter-output>
        </test-method> <!-- validate_login_exceldata -->
        <test-method signature="validate_login_exceldata(java.lang.String, java.lang.String)[pri:3, instance:com.ARSHAD.phptravels.TestScript.TC001_LoginPanel@481a996b]" started-at="2021-04-04T19:48:50 IST" name="validate_login_exceldata" data-provider="s1" finished-at="2021-04-04T19:48:55 IST" duration-ms="4903" status="PASS">
          <params>
            <param index="0">
              <value>
                <![CDATA[supplier@phptravels.com]]>
              </value>
            </param>
            <param index="1">
              <value>
                <![CDATA[demosupplier]]>
              </value>
            </param>
          </params>
          <reporter-output>
          </reporter-output>
        </test-method> <!-- validate_login_exceldata -->
      </class> <!-- com.ARSHAD.phptravels.TestScript.TC001_LoginPanel -->
    </test> <!-- Test -->
  </suite> <!-- Suite -->
</testng-results>
